2026-02-28 00:50:10.386 [main] INFO  com.zaxxer.hikari.HikariDataSource - EVA-HikariPool - Starting...
2026-02-28 00:50:11.021 [main] INFO  com.zaxxer.hikari.pool.HikariPool - EVA-HikariPool - Added connection org.postgresql.jdbc.PgConnection@2eb79cbe
2026-02-28 00:50:11.026 [main] INFO  com.zaxxer.hikari.HikariDataSource - EVA-HikariPool - Start completed.
2026-02-28 00:50:11.406 [main] INFO  Application - Database connected: jdbc:postgresql://127.0.0.1:5433/eva_database
2026-02-28 00:50:12.286 [main] WARN  com.eva.service.FcmService - FCM не инициализирован: src\main\resources\firebase-service-account.json (Не удается найти указанный файл). Push-уведомления будут логироваться, но не отправляться.
2026-02-28 00:50:12.784 [main] INFO  Application - Application started in 3.519 seconds.
2026-02-28 00:50:12.786 [main] INFO  Application - Application started: io.ktor.server.application.Application@3c3c4a71
2026-02-28 00:50:14.004 [main] INFO  Application - Responding at http://127.0.0.1:8081
2026-02-28 00:58:06.902 [KtorShutdownHook] INFO  Application - Application stopping: io.ktor.server.application.Application@3c3c4a71
2026-02-28 00:58:06.912 [KtorShutdownHook] INFO  Application - Application stopped: io.ktor.server.application.Application@3c3c4a71
2026-02-28 16:53:15.809 [main] INFO  com.zaxxer.hikari.HikariDataSource - EVA-HikariPool - Starting...
2026-02-28 16:53:16.177 [main] INFO  com.zaxxer.hikari.pool.HikariPool - EVA-HikariPool - Added connection org.postgresql.jdbc.PgConnection@5b5c0057
2026-02-28 16:53:16.180 [main] INFO  com.zaxxer.hikari.HikariDataSource - EVA-HikariPool - Start completed.
2026-02-28 16:53:16.321 [main] INFO  Application - Database connected: jdbc:postgresql://127.0.0.1:5433/eva_database
2026-02-28 16:53:16.745 [main] WARN  com.eva.service.FcmService - FCM не инициализирован: src\main\resources\firebase-service-account.json (Не удается найти указанный файл). Push-уведомления будут логироваться, но не отправляться.
2026-02-28 16:53:16.954 [main] INFO  Application - Application started in 1.791 seconds.
2026-02-28 16:53:16.954 [main] INFO  Application - Application started: io.ktor.server.application.Application@eac3a26
2026-02-28 16:53:17.332 [main] INFO  Application - Responding at http://127.0.0.1:8081
2026-02-28 16:55:39.754 [eventLoopGroupProxy-4-1] INFO  Application - GET /api/v1/symptoms/history → 401 Unauthorized
2026-02-28 16:55:39.754 [eventLoopGroupProxy-4-1] INFO  Application - GET /api/v1/symptoms/history → 401 Unauthorized
2026-02-28 16:55:40.225 [eventLoopGroupProxy-4-2] INFO  Application - GET /api/v1/doctors/1 → 200 OK
2026-02-28 16:55:43.166 [eventLoopGroupProxy-4-1] INFO  Application - GET /api/v1/doctors/2 → 200 OK
2026-02-28 16:55:43.837 [eventLoopGroupProxy-4-1] INFO  Application - GET /api/v1/doctors/5 → 200 OK
2026-02-28 16:55:57.800 [eventLoopGroupProxy-4-1] INFO  Application - GET /api/v1/doctors/1 → 200 OK
2026-02-28 16:55:58.126 [eventLoopGroupProxy-4-1] INFO  Application - GET /api/v1/doctors/1/reviews → 200 OK
2026-02-28 16:55:58.307 [eventLoopGroupProxy-4-1] INFO  Application - GET /api/v1/doctors/1/can-review → 401 Unauthorized
2026-02-28 16:55:58.308 [eventLoopGroupProxy-4-1] INFO  Application - GET /api/v1/doctors/1/can-review → 401 Unauthorized
2026-02-28 16:58:58.582 [eventLoopGroupProxy-4-1] INFO  Application - GET /api/v1/notifications → 401 Unauthorized
2026-02-28 16:58:58.583 [eventLoopGroupProxy-4-1] INFO  Application - GET /api/v1/notifications → 401 Unauthorized
2026-02-28 16:59:15.944 [eventLoopGroupProxy-4-1] INFO  Application - GET /api/v1/doctors/1 → 200 OK
2026-02-28 16:59:15.977 [eventLoopGroupProxy-4-1] INFO  Application - GET /api/v1/doctors/1/reviews → 200 OK
2026-02-28 16:59:16.001 [eventLoopGroupProxy-4-1] INFO  Application - GET /api/v1/doctors/1/can-review → 401 Unauthorized
2026-02-28 16:59:16.002 [eventLoopGroupProxy-4-1] INFO  Application - GET /api/v1/doctors/1/can-review → 401 Unauthorized
2026-02-28 16:59:25.586 [eventLoopGroupProxy-4-1] INFO  Application - GET /api/v1/doctors → 200 OK
2026-02-28 16:59:29.811 [eventLoopGroupProxy-4-1] INFO  Application - GET /api/v1/doctors/1 → 200 OK
2026-02-28 16:59:29.848 [eventLoopGroupProxy-4-1] INFO  Application - GET /api/v1/doctors/1/reviews → 200 OK
2026-02-28 16:59:29.866 [eventLoopGroupProxy-4-1] INFO  Application - GET /api/v1/doctors/1/can-review → 401 Unauthorized
2026-02-28 16:59:29.867 [eventLoopGroupProxy-4-1] INFO  Application - GET /api/v1/doctors/1/can-review → 401 Unauthorized
2026-02-28 16:59:41.158 [eventLoopGroupProxy-4-1] INFO  Application - GET /api/v1/doctors → 200 OK
2026-02-28 16:59:44.054 [eventLoopGroupProxy-4-1] INFO  Application - GET /api/v1/doctors/3 → 200 OK
2026-02-28 16:59:44.087 [eventLoopGroupProxy-4-1] INFO  Application - GET /api/v1/doctors/3/reviews → 200 OK
2026-02-28 16:59:44.106 [eventLoopGroupProxy-4-1] INFO  Application - GET /api/v1/doctors/3/can-review → 401 Unauthorized
2026-02-28 16:59:44.106 [eventLoopGroupProxy-4-1] INFO  Application - GET /api/v1/doctors/3/can-review → 401 Unauthorized
2026-02-28 16:59:52.398 [eventLoopGroupProxy-4-1] INFO  Application - GET /api/v1/doctors → 200 OK
2026-02-28 16:59:54.986 [eventLoopGroupProxy-4-1] INFO  Application - GET /api/v1/doctors/3 → 200 OK
2026-02-28 16:59:55.020 [eventLoopGroupProxy-4-1] INFO  Application - GET /api/v1/doctors/3/reviews → 200 OK
2026-02-28 16:59:55.035 [eventLoopGroupProxy-4-1] INFO  Application - GET /api/v1/doctors/3/can-review → 401 Unauthorized
2026-02-28 16:59:55.036 [eventLoopGroupProxy-4-1] INFO  Application - GET /api/v1/doctors/3/can-review → 401 Unauthorized
2026-02-28 17:00:13.505 [eventLoopGroupProxy-4-1] INFO  Application - GET /api/v1/doctors → 200 OK
2026-02-28 17:00:15.490 [eventLoopGroupProxy-4-1] INFO  Application - GET /api/v1/clinics → 200 OK
2026-02-28 17:00:34.630 [eventLoopGroupProxy-4-1] INFO  Application - GET /api/v1/doctors → 200 OK
2026-02-28 17:00:45.453 [eventLoopGroupProxy-4-1] INFO  Application - GET /api/v1/appointments → 401 Unauthorized
2026-02-28 17:00:45.453 [eventLoopGroupProxy-4-1] INFO  Application - GET /api/v1/appointments → 401 Unauthorized
2026-02-28 17:00:47.872 [eventLoopGroupProxy-4-1] INFO  Application - GET /api/v1/auth/me → 401 Unauthorized
2026-02-28 17:00:47.873 [eventLoopGroupProxy-4-1] INFO  Application - GET /api/v1/auth/me → 401 Unauthorized
2026-02-28 17:01:20.089 [eventLoopGroupProxy-4-1] INFO  Application - POST /api/v1/auth/login → 200 OK
2026-02-28 17:01:24.998 [eventLoopGroupProxy-4-1] INFO  Application - GET /api/v1/doctors/1 → 200 OK
2026-02-28 17:01:25.083 [eventLoopGroupProxy-4-1] INFO  Application - GET /api/v1/doctors/2 → 200 OK
2026-02-28 17:01:25.111 [eventLoopGroupProxy-4-1] INFO  Application - GET /api/v1/doctors/5 → 200 OK
2026-02-28 17:01:29.359 [eventLoopGroupProxy-4-1] INFO  Application - GET /api/v1/auth/me → 200 OK
2026-02-28 17:01:30.514 [eventLoopGroupProxy-4-1] INFO  Application - GET /api/v1/appointments → 200 OK
2026-02-28 17:01:39.873 [eventLoopGroupProxy-4-1] INFO  Application - POST /api/v1/doctors/1/reviews → 409 Conflict
2026-02-28 17:01:48.914 [eventLoopGroupProxy-4-1] WARN  Exposed - Transaction attempt #0 failed: org.postgresql.util.PSQLException: Cannot change transaction isolation level in the middle of a transaction.. Statement(s): SELECT ai_responses.response_id, ai_responses.request_id, ai_responses.diagnosis, ai_responses.recommendations, ai_responses.urgency, ai_responses.model_version, ai_responses.confidence, ai_responses.processing_ms, ai_responses.raw_response, ai_responses.created_at FROM ai_responses WHERE ai_responses.request_id = ?
org.jetbrains.exposed.exceptions.ExposedSQLException: org.postgresql.util.PSQLException: Cannot change transaction isolation level in the middle of a transaction.
	at org.jetbrains.exposed.sql.statements.Statement.executeIn$exposed_core(Statement.kt:78)
	at org.jetbrains.exposed.sql.Transaction.exec(Transaction.kt:209)
	at org.jetbrains.exposed.sql.Transaction.exec(Transaction.kt:186)
	at org.jetbrains.exposed.sql.AbstractQuery.iterator(AbstractQuery.kt:61)
	at kotlin.collections.CollectionsKt___CollectionsKt.singleOrNull(_Collections.kt:639)
	at com.eva.data.repository.SymptomsRepositoryImpl$getAiResponse$1.invoke(Repositories.kt:222)
	at com.eva.data.repository.SymptomsRepositoryImpl$getAiResponse$1.invoke(Repositories.kt:220)
	at org.jetbrains.exposed.sql.transactions.ThreadLocalTransactionManagerKt.inTopLevelTransaction$run(ThreadLocalTransactionManager.kt:275)
	at org.jetbrains.exposed.sql.transactions.ThreadLocalTransactionManagerKt.access$inTopLevelTransaction$run(ThreadLocalTransactionManager.kt:1)
	at org.jetbrains.exposed.sql.transactions.ThreadLocalTransactionManagerKt$inTopLevelTransaction$1.invoke(ThreadLocalTransactionManager.kt:322)
	at org.jetbrains.exposed.sql.transactions.ThreadLocalTransactionManagerKt.keepAndRestoreTransactionRefAfterRun(ThreadLocalTransactionManager.kt:330)
	at org.jetbrains.exposed.sql.transactions.ThreadLocalTransactionManagerKt.inTopLevelTransaction(ThreadLocalTransactionManager.kt:321)
	at org.jetbrains.exposed.sql.transactions.ThreadLocalTransactionManagerKt$transaction$1.invoke(ThreadLocalTransactionManager.kt:230)
	at org.jetbrains.exposed.sql.transactions.ThreadLocalTransactionManagerKt.keepAndRestoreTransactionRefAfterRun(ThreadLocalTransactionManager.kt:330)
	at org.jetbrains.exposed.sql.transactions.ThreadLocalTransactionManagerKt.transaction(ThreadLocalTransactionManager.kt:200)
	at org.jetbrains.exposed.sql.transactions.ThreadLocalTransactionManagerKt.transaction(ThreadLocalTransactionManager.kt:178)
	at org.jetbrains.exposed.sql.transactions.ThreadLocalTransactionManagerKt.transaction$default(ThreadLocalTransactionManager.kt:177)
	at com.eva.data.repository.SymptomsRepositoryImpl.getAiResponse(Repositories.kt:220)
	at com.eva.api.routes.RoutesKt$symptomsRoutes$1$1$2.invokeSuspend(Routes.kt:317)
	at com.eva.api.routes.RoutesKt$symptomsRoutes$1$1$2.invoke(Routes.kt)
	at com.eva.api.routes.RoutesKt$symptomsRoutes$1$1$2.invoke(Routes.kt)
	at io.ktor.server.routing.Route$buildPipeline$1$1.invokeSuspend(Route.kt:116)
	at io.ktor.server.routing.Route$buildPipeline$1$1.invoke(Route.kt)
	at io.ktor.server.routing.Route$buildPipeline$1$1.invoke(Route.kt)
	at io.ktor.util.pipeline.DebugPipelineContext.proceedLoop(DebugPipelineContext.kt:80)
	at io.ktor.util.pipeline.DebugPipelineContext.proceed(DebugPipelineContext.kt:57)
	at io.ktor.util.pipeline.DebugPipelineContext.execute$ktor_utils(DebugPipelineContext.kt:63)
	at io.ktor.util.pipeline.Pipeline.execute(Pipeline.kt:77)
	at io.ktor.server.routing.Routing$executeResult$$inlined$execute$1.invokeSuspend(Pipeline.kt:478)
	at io.ktor.server.routing.Routing$executeResult$$inlined$execute$1.invoke(Pipeline.kt)
	at io.ktor.server.routing.Routing$executeResult$$inlined$execute$1.invoke(Pipeline.kt)
	at io.ktor.util.debug.ContextUtilsKt.initContextInDebugMode(ContextUtils.kt:17)
	at io.ktor.server.routing.Routing.executeResult(Routing.kt:190)
	at io.ktor.server.routing.Routing.interceptor(Routing.kt:64)
	at io.ktor.server.routing.Routing$Plugin$install$1.invokeSuspend(Routing.kt:140)
	at io.ktor.server.routing.Routing$Plugin$install$1.invoke(Routing.kt)
	at io.ktor.server.routing.Routing$Plugin$install$1.invoke(Routing.kt)
	at io.ktor.util.pipeline.DebugPipelineContext.proceedLoop(DebugPipelineContext.kt:80)
	at io.ktor.util.pipeline.DebugPipelineContext.proceed(DebugPipelineContext.kt:57)
	at io.ktor.server.engine.BaseApplicationEngineKt$installDefaultTransformationChecker$1.invokeSuspend(BaseApplicationEngine.kt:124)
	at io.ktor.server.engine.BaseApplicationEngineKt$installDefaultTransformationChecker$1.invoke(BaseApplicationEngine.kt)
	at io.ktor.server.engine.BaseApplicationEngineKt$installDefaultTransformationChecker$1.invoke(BaseApplicationEngine.kt)
	at io.ktor.util.pipeline.DebugPipelineContext.proceedLoop(DebugPipelineContext.kt:80)
	at io.ktor.util.pipeline.DebugPipelineContext.proceed(DebugPipelineContext.kt:57)
	at io.ktor.server.application.hooks.CallFailed$install$1$1.invokeSuspend(CommonHooks.kt:45)
	at io.ktor.server.application.hooks.CallFailed$install$1$1.invoke(CommonHooks.kt)
	at io.ktor.server.application.hooks.CallFailed$install$1$1.invoke(CommonHooks.kt)
	at kotlinx.coroutines.intrinsics.UndispatchedKt.startUndispatchedOrReturn(Undispatched.kt:78)
	at kotlinx.coroutines.CoroutineScopeKt.coroutineScope(CoroutineScope.kt:264)
	at io.ktor.server.application.hooks.CallFailed$install$1.invokeSuspend(CommonHooks.kt:44)
	at io.ktor.server.application.hooks.CallFailed$install$1.invoke(CommonHooks.kt)
	at io.ktor.server.application.hooks.CallFailed$install$1.invoke(CommonHooks.kt)
	at io.ktor.util.pipeline.DebugPipelineContext.proceedLoop(DebugPipelineContext.kt:80)
	at io.ktor.util.pipeline.DebugPipelineContext.proceed(DebugPipelineContext.kt:57)
	at io.ktor.util.pipeline.DebugPipelineContext.execute$ktor_utils(DebugPipelineContext.kt:63)
	at io.ktor.util.pipeline.Pipeline.execute(Pipeline.kt:77)
	at io.ktor.server.engine.DefaultEnginePipelineKt$defaultEnginePipeline$1$invokeSuspend$$inlined$execute$1.invokeSuspend(Pipeline.kt:478)
	at io.ktor.server.engine.DefaultEnginePipelineKt$defaultEnginePipeline$1$invokeSuspend$$inlined$execute$1.invoke(Pipeline.kt)
	at io.ktor.server.engine.DefaultEnginePipelineKt$defaultEnginePipeline$1$invokeSuspend$$inlined$execute$1.invoke(Pipeline.kt)
	at io.ktor.util.debug.ContextUtilsKt.initContextInDebugMode(ContextUtils.kt:17)
	at io.ktor.server.engine.DefaultEnginePipelineKt$defaultEnginePipeline$1.invokeSuspend(DefaultEnginePipeline.kt:123)
	at io.ktor.server.engine.DefaultEnginePipelineKt$defaultEnginePipeline$1.invoke(DefaultEnginePipeline.kt)
	at io.ktor.server.engine.DefaultEnginePipelineKt$defaultEnginePipeline$1.invoke(DefaultEnginePipeline.kt)
	at io.ktor.util.pipeline.DebugPipelineContext.proceedLoop(DebugPipelineContext.kt:80)
	at io.ktor.util.pipeline.DebugPipelineContext.proceed(DebugPipelineContext.kt:57)
	at io.ktor.util.pipeline.DebugPipelineContext.execute$ktor_utils(DebugPipelineContext.kt:63)
	at io.ktor.util.pipeline.Pipeline.execute(Pipeline.kt:77)
	at io.ktor.server.netty.NettyApplicationCallHandler$handleRequest$1$invokeSuspend$$inlined$execute$1.invokeSuspend(Pipeline.kt:478)
	at io.ktor.server.netty.NettyApplicationCallHandler$handleRequest$1$invokeSuspend$$inlined$execute$1.invoke(Pipeline.kt)
	at io.ktor.server.netty.NettyApplicationCallHandler$handleRequest$1$invokeSuspend$$inlined$execute$1.invoke(Pipeline.kt)
	at io.ktor.util.debug.ContextUtilsKt.initContextInDebugMode(ContextUtils.kt:17)
	at io.ktor.server.netty.NettyApplicationCallHandler$handleRequest$1.invokeSuspend(NettyApplicationCallHandler.kt:119)
	at io.ktor.server.netty.NettyApplicationCallHandler$handleRequest$1.invoke(NettyApplicationCallHandler.kt)
	at io.ktor.server.netty.NettyApplicationCallHandler$handleRequest$1.invoke(NettyApplicationCallHandler.kt)
	at kotlinx.coroutines.intrinsics.UndispatchedKt.startCoroutineUndispatched(Undispatched.kt:44)
	at kotlinx.coroutines.CoroutineStart.invoke(CoroutineStart.kt:112)
	at kotlinx.coroutines.AbstractCoroutine.start(AbstractCoroutine.kt:126)
	at kotlinx.coroutines.BuildersKt__Builders_commonKt.launch(Builders.common.kt:56)
	at kotlinx.coroutines.BuildersKt.launch(Unknown Source)
	at io.ktor.server.netty.NettyApplicationCallHandler.handleRequest(NettyApplicationCallHandler.kt:37)
	at io.ktor.server.netty.NettyApplicationCallHandler.channelRead(NettyApplicationCallHandler.kt:29)
	at io.netty.channel.AbstractChannelHandlerContext.invokeChannelRead(AbstractChannelHandlerContext.java:444)
	at io.netty.channel.AbstractChannelHandlerContext.access$600(AbstractChannelHandlerContext.java:61)
	at io.netty.channel.AbstractChannelHandlerContext$7.run(AbstractChannelHandlerContext.java:425)
	at io.netty.util.concurrent.AbstractEventExecutor.runTask(AbstractEventExecutor.java:173)
	at io.netty.util.concurrent.AbstractEventExecutor.safeExecute(AbstractEventExecutor.java:166)
	at io.netty.util.concurrent.SingleThreadEventExecutor.runAllTasks(SingleThreadEventExecutor.java:470)
	at io.netty.channel.nio.NioEventLoop.run(NioEventLoop.java:569)
	at io.netty.util.concurrent.SingleThreadEventExecutor$4.run(SingleThreadEventExecutor.java:997)
	at io.netty.util.internal.ThreadExecutorMap$2.run(ThreadExecutorMap.java:74)
	at io.ktor.server.netty.EventLoopGroupProxy$Companion.create$lambda$1$lambda$0(NettyApplicationEngine.kt:296)
	at io.netty.util.concurrent.FastThreadLocalRunnable.run(FastThreadLocalRunnable.java:30)
	at java.base/java.lang.Thread.run(Thread.java:1583)
Caused by: org.postgresql.util.PSQLException: Cannot change transaction isolation level in the middle of a transaction.
	at org.postgresql.jdbc.PgConnection.setTransactionIsolation(PgConnection.java:1056)
	at com.zaxxer.hikari.pool.ProxyConnection.setTransactionIsolation(ProxyConnection.java:421)
	at com.zaxxer.hikari.pool.HikariProxyConnection.setTransactionIsolation(HikariProxyConnection.java)
	at org.jetbrains.exposed.sql.statements.jdbc.JdbcConnectionImpl.setTransactionIsolation(JdbcConnectionImpl.kt:63)
	at org.jetbrains.exposed.sql.transactions.ThreadLocalTransactionManager$ThreadLocalTransaction$connectionLazy$1.invoke(ThreadLocalTransactionManager.kt:107)
	at org.jetbrains.exposed.sql.transactions.ThreadLocalTransactionManager$ThreadLocalTransaction$connectionLazy$1.invoke(ThreadLocalTransactionManager.kt:100)
	at kotlin.UnsafeLazyImpl.getValue(Lazy.kt:81)
	at org.jetbrains.exposed.sql.transactions.ThreadLocalTransactionManager$ThreadLocalTransaction.getConnection(ThreadLocalTransactionManager.kt:114)
	at org.jetbrains.exposed.sql.Transaction.getConnection(Transaction.kt)
	at org.jetbrains.exposed.sql.statements.Statement.prepared(Statement.kt:46)
	at org.jetbrains.exposed.sql.statements.Statement.executeIn$exposed_core(Statement.kt:74)
	... 92 common frames omitted
2026-02-28 17:01:48.921 [eventLoopGroupProxy-4-1] WARN  Exposed - Wait 0 milliseconds before retrying
2026-02-28 17:01:48.925 [eventLoopGroupProxy-4-3] INFO  Application - GET /api/v1/symptoms/history → 200 OK
2026-02-28 17:01:48.933 [eventLoopGroupProxy-4-1] INFO  Application - GET /api/v1/symptoms/history → 200 OK
2026-02-28 17:01:58.982 [eventLoopGroupProxy-4-1] INFO  Application - GET /api/v1/auth/me → 200 OK
2026-02-28 17:02:05.133 [eventLoopGroupProxy-4-1] INFO  Application - GET /api/v1/appointments → 200 OK
2026-02-28 17:02:05.211 [eventLoopGroupProxy-4-1] INFO  Application - GET /api/v1/symptoms/history → 200 OK
2026-02-28 17:02:05.294 [eventLoopGroupProxy-4-1] INFO  Application - GET /api/v1/documents → 200 OK
2026-02-28 17:02:41.847 [eventLoopGroupProxy-4-1] INFO  Application - GET /api/v1/doctors/1 → 200 OK
2026-02-28 17:02:41.923 [eventLoopGroupProxy-4-1] INFO  Application - GET /api/v1/doctors/2 → 200 OK
2026-02-28 17:02:41.954 [eventLoopGroupProxy-4-1] INFO  Application - GET /api/v1/doctors/5 → 200 OK
2026-02-28 17:02:42.647 [eventLoopGroupProxy-4-1] INFO  Application - GET /api/v1/appointments → 200 OK
2026-02-28 17:02:43.256 [eventLoopGroupProxy-4-1] INFO  Application - GET /api/v1/doctors/1 → 200 OK
2026-02-28 17:02:43.337 [eventLoopGroupProxy-4-1] INFO  Application - GET /api/v1/doctors/2 → 200 OK
2026-02-28 17:02:43.364 [eventLoopGroupProxy-4-1] INFO  Application - GET /api/v1/doctors/5 → 200 OK
2026-02-28 17:02:46.432 [eventLoopGroupProxy-4-1] INFO  Application - GET /api/v1/symptoms/history → 200 OK
2026-02-28 17:02:46.454 [eventLoopGroupProxy-4-3] INFO  Application - GET /api/v1/symptoms/history → 200 OK
2026-02-28 17:02:47.658 [eventLoopGroupProxy-4-1] INFO  Application - GET /api/v1/auth/me → 200 OK
2026-02-28 17:02:53.241 [eventLoopGroupProxy-4-1] INFO  Application - GET /api/v1/auth/me → 200 OK
2026-02-28 17:03:33.511 [eventLoopGroupProxy-4-1] INFO  Application - PATCH /api/v1/auth/me → 200 OK
2026-02-28 17:03:35.907 [eventLoopGroupProxy-4-1] INFO  Application - GET /api/v1/auth/me → 200 OK
2026-02-28 17:03:46.396 [eventLoopGroupProxy-4-1] INFO  Application - GET /api/v1/doctors/1 → 200 OK
2026-02-28 17:03:46.472 [eventLoopGroupProxy-4-1] INFO  Application - GET /api/v1/doctors/2 → 200 OK
2026-02-28 17:03:46.495 [eventLoopGroupProxy-4-1] INFO  Application - GET /api/v1/doctors/5 → 200 OK
2026-02-28 17:04:28.861 [eventLoopGroupProxy-4-1] INFO  Application - GET /api/v1/appointments → 200 OK
2026-02-28 17:04:31.972 [eventLoopGroupProxy-4-1] INFO  Application - GET /api/v1/notifications → 200 OK
2026-02-28 17:04:34.406 [eventLoopGroupProxy-4-1] INFO  Application - GET /api/v1/doctors/1 → 200 OK
2026-02-28 17:04:34.459 [eventLoopGroupProxy-4-1] INFO  Application - GET /api/v1/doctors/2 → 200 OK
2026-02-28 17:04:34.491 [eventLoopGroupProxy-4-1] INFO  Application - GET /api/v1/doctors/5 → 200 OK
2026-02-28 17:04:36.707 [eventLoopGroupProxy-4-1] INFO  Application - GET /api/v1/notifications → 200 OK
2026-02-28 17:04:38.565 [eventLoopGroupProxy-4-1] INFO  Application - POST /api/v1/notifications/f89bf27a-5f12-41a0-8f8d-af43241d8dce/read → 200 OK
2026-02-28 17:04:45.502 [eventLoopGroupProxy-4-1] INFO  Application - POST /api/v1/notifications/97d93a2d-9b29-464e-96af-038fe21eba9e/read → 200 OK
2026-02-28 17:05:05.007 [eventLoopGroupProxy-4-1] INFO  Application - GET /api/v1/symptoms/history → 200 OK
2026-02-28 17:05:05.028 [eventLoopGroupProxy-4-3] INFO  Application - GET /api/v1/symptoms/history → 200 OK
2026-02-28 17:05:06.607 [eventLoopGroupProxy-4-1] INFO  Application - GET /api/v1/auth/me → 200 OK
2026-02-28 17:05:08.022 [eventLoopGroupProxy-4-1] INFO  Application - GET /api/v1/doctors/1 → 200 OK
2026-02-28 17:05:08.076 [eventLoopGroupProxy-4-1] INFO  Application - GET /api/v1/doctors/2 → 200 OK
2026-02-28 17:05:08.094 [eventLoopGroupProxy-4-1] INFO  Application - GET /api/v1/doctors/5 → 200 OK
2026-02-28 17:08:07.221 [eventLoopGroupProxy-4-1] INFO  Application - GET /api/v1/symptoms/history → 200 OK
2026-02-28 17:08:07.248 [eventLoopGroupProxy-4-3] INFO  Application - GET /api/v1/symptoms/history → 200 OK
2026-02-28 17:08:08.144 [eventLoopGroupProxy-4-1] INFO  Application - GET /api/v1/auth/me → 200 OK
2026-02-28 17:08:08.910 [eventLoopGroupProxy-4-1] INFO  Application - GET /api/v1/appointments → 200 OK
2026-02-28 17:08:09.843 [eventLoopGroupProxy-4-1] INFO  Application - GET /api/v1/symptoms/history → 200 OK
2026-02-28 17:08:09.866 [eventLoopGroupProxy-4-3] INFO  Application - GET /api/v1/symptoms/history → 200 OK
2026-02-28 17:08:10.415 [eventLoopGroupProxy-4-1] INFO  Application - GET /api/v1/appointments → 200 OK
2026-02-28 17:08:11.160 [eventLoopGroupProxy-4-1] INFO  Application - GET /api/v1/doctors/1 → 200 OK
2026-02-28 17:08:11.291 [eventLoopGroupProxy-4-1] INFO  Application - GET /api/v1/doctors/2 → 200 OK
2026-02-28 17:08:11.313 [eventLoopGroupProxy-4-1] INFO  Application - GET /api/v1/doctors/5 → 200 OK
2026-02-28 17:08:39.487 [eventLoopGroupProxy-4-1] INFO  Application - GET /api/v1/doctors/1 → 200 OK
2026-02-28 17:08:39.544 [eventLoopGroupProxy-4-1] INFO  Application - GET /api/v1/doctors/2 → 200 OK
2026-02-28 17:08:39.576 [eventLoopGroupProxy-4-1] INFO  Application - GET /api/v1/doctors/5 → 200 OK
2026-02-28 17:08:40.772 [eventLoopGroupProxy-4-1] INFO  Application - GET /api/v1/auth/me → 200 OK
2026-02-28 17:08:43.683 [eventLoopGroupProxy-4-1] INFO  Application - GET /api/v1/doctors/1 → 200 OK
2026-02-28 17:08:43.737 [eventLoopGroupProxy-4-1] INFO  Application - GET /api/v1/doctors/2 → 200 OK
2026-02-28 17:08:43.759 [eventLoopGroupProxy-4-1] INFO  Application - GET /api/v1/doctors/5 → 200 OK
2026-02-28 17:08:48.022 [eventLoopGroupProxy-4-1] INFO  Application - GET /api/v1/appointments → 200 OK
2026-02-28 17:08:48.612 [eventLoopGroupProxy-4-1] INFO  Application - GET /api/v1/doctors/1 → 200 OK
2026-02-28 17:08:48.720 [eventLoopGroupProxy-4-1] INFO  Application - GET /api/v1/doctors/2 → 200 OK
2026-02-28 17:08:48.751 [eventLoopGroupProxy-4-1] INFO  Application - GET /api/v1/doctors/5 → 200 OK
2026-02-28 17:08:49.279 [eventLoopGroupProxy-4-1] INFO  Application - GET /api/v1/symptoms/history → 200 OK
2026-02-28 17:08:49.377 [eventLoopGroupProxy-4-1] INFO  Application - GET /api/v1/symptoms/history → 200 OK
2026-02-28 17:08:49.905 [eventLoopGroupProxy-4-1] INFO  Application - GET /api/v1/doctors/1 → 200 OK
2026-02-28 17:08:49.957 [eventLoopGroupProxy-4-1] INFO  Application - GET /api/v1/doctors/2 → 200 OK
2026-02-28 17:08:49.977 [eventLoopGroupProxy-4-1] INFO  Application - GET /api/v1/doctors/5 → 200 OK
2026-02-28 17:08:50.828 [eventLoopGroupProxy-4-1] INFO  Application - GET /api/v1/appointments → 200 OK
2026-02-28 17:08:51.388 [eventLoopGroupProxy-4-1] INFO  Application - GET /api/v1/doctors/1 → 200 OK
2026-02-28 17:08:51.448 [eventLoopGroupProxy-4-1] INFO  Application - GET /api/v1/doctors/2 → 200 OK
2026-02-28 17:08:51.472 [eventLoopGroupProxy-4-1] INFO  Application - GET /api/v1/doctors/5 → 200 OK
2026-02-28 17:08:52.188 [eventLoopGroupProxy-4-1] INFO  Application - GET /api/v1/auth/me → 200 OK
2026-02-28 17:08:53.274 [eventLoopGroupProxy-4-1] INFO  Application - GET /api/v1/doctors/1 → 200 OK
2026-02-28 17:08:53.327 [eventLoopGroupProxy-4-1] INFO  Application - GET /api/v1/doctors/2 → 200 OK
2026-02-28 17:08:53.346 [eventLoopGroupProxy-4-1] INFO  Application - GET /api/v1/doctors/5 → 200 OK
2026-02-28 17:38:31.658 [KtorShutdownHook] INFO  Application - Application stopping: io.ktor.server.application.Application@eac3a26
2026-02-28 17:38:31.681 [KtorShutdownHook] INFO  Application - Application stopped: io.ktor.server.application.Application@eac3a26
2026-02-28 17:38:58.880 [main] INFO  com.zaxxer.hikari.HikariDataSource - EVA-HikariPool - Starting...
2026-02-28 17:38:59.250 [main] INFO  com.zaxxer.hikari.pool.HikariPool - EVA-HikariPool - Added connection org.postgresql.jdbc.PgConnection@273842a6
2026-02-28 17:38:59.252 [main] INFO  com.zaxxer.hikari.HikariDataSource - EVA-HikariPool - Start completed.
2026-02-28 17:38:59.365 [main] INFO  Application - Database connected: jdbc:postgresql://127.0.0.1:5433/eva_database
2026-02-28 17:38:59.809 [main] WARN  com.eva.service.FcmService - FCM не инициализирован: src\main\resources\firebase-service-account.json (Не удается найти указанный файл). Push-уведомления будут логироваться, но не отправляться.
2026-02-28 17:39:00.026 [main] INFO  Application - Application started in 1.835 seconds.
2026-02-28 17:39:00.027 [main] INFO  Application - Application started: io.ktor.server.application.Application@56637cff
2026-02-28 17:39:00.311 [main] INFO  Application - Responding at http://127.0.0.1:8081
2026-02-28 17:43:21.916 [eventLoopGroupProxy-4-1] WARN  Exposed - Transaction attempt #0 failed: org.postgresql.util.PSQLException: Cannot change transaction isolation level in the middle of a transaction.. Statement(s): SELECT symptoms_requests.request_id, symptoms_requests.user_id, symptoms_requests.symptoms_text, symptoms_requests.has_response, symptoms_requests.created_at FROM symptoms_requests WHERE symptoms_requests.user_id = ? ORDER BY symptoms_requests.created_at DESC
org.jetbrains.exposed.exceptions.ExposedSQLException: org.postgresql.util.PSQLException: Cannot change transaction isolation level in the middle of a transaction.
	at org.jetbrains.exposed.sql.statements.Statement.executeIn$exposed_core(Statement.kt:78)
	at org.jetbrains.exposed.sql.Transaction.exec(Transaction.kt:209)
	at org.jetbrains.exposed.sql.Transaction.exec(Transaction.kt:186)
	at org.jetbrains.exposed.sql.AbstractQuery.iterator(AbstractQuery.kt:61)
	at com.eva.data.repository.SymptomsRepositoryImpl$findByUser$1.invoke(Repositories.kt:396)
	at com.eva.data.repository.SymptomsRepositoryImpl$findByUser$1.invoke(Repositories.kt:178)
	at org.jetbrains.exposed.sql.transactions.ThreadLocalTransactionManagerKt.inTopLevelTransaction$run(ThreadLocalTransactionManager.kt:275)
	at org.jetbrains.exposed.sql.transactions.ThreadLocalTransactionManagerKt.access$inTopLevelTransaction$run(ThreadLocalTransactionManager.kt:1)
	at org.jetbrains.exposed.sql.transactions.ThreadLocalTransactionManagerKt$inTopLevelTransaction$1.invoke(ThreadLocalTransactionManager.kt:322)
	at org.jetbrains.exposed.sql.transactions.ThreadLocalTransactionManagerKt.keepAndRestoreTransactionRefAfterRun(ThreadLocalTransactionManager.kt:330)
	at org.jetbrains.exposed.sql.transactions.ThreadLocalTransactionManagerKt.inTopLevelTransaction(ThreadLocalTransactionManager.kt:321)
	at org.jetbrains.exposed.sql.transactions.ThreadLocalTransactionManagerKt$transaction$1.invoke(ThreadLocalTransactionManager.kt:230)
	at org.jetbrains.exposed.sql.transactions.ThreadLocalTransactionManagerKt.keepAndRestoreTransactionRefAfterRun(ThreadLocalTransactionManager.kt:330)
	at org.jetbrains.exposed.sql.transactions.ThreadLocalTransactionManagerKt.transaction(ThreadLocalTransactionManager.kt:200)
	at org.jetbrains.exposed.sql.transactions.ThreadLocalTransactionManagerKt.transaction(ThreadLocalTransactionManager.kt:178)
	at org.jetbrains.exposed.sql.transactions.ThreadLocalTransactionManagerKt.transaction$default(ThreadLocalTransactionManager.kt:177)
	at com.eva.data.repository.SymptomsRepositoryImpl.findByUser(Repositories.kt:178)
	at com.eva.api.routes.RoutesKt$symptomsRoutes$1$1$2.invokeSuspend(Routes.kt:348)
	at com.eva.api.routes.RoutesKt$symptomsRoutes$1$1$2.invoke(Routes.kt)
	at com.eva.api.routes.RoutesKt$symptomsRoutes$1$1$2.invoke(Routes.kt)
	at io.ktor.server.routing.Route$buildPipeline$1$1.invokeSuspend(Route.kt:116)
	at io.ktor.server.routing.Route$buildPipeline$1$1.invoke(Route.kt)
	at io.ktor.server.routing.Route$buildPipeline$1$1.invoke(Route.kt)
	at io.ktor.util.pipeline.DebugPipelineContext.proceedLoop(DebugPipelineContext.kt:80)
	at io.ktor.util.pipeline.DebugPipelineContext.proceed(DebugPipelineContext.kt:57)
	at io.ktor.util.pipeline.DebugPipelineContext.execute$ktor_utils(DebugPipelineContext.kt:63)
	at io.ktor.util.pipeline.Pipeline.execute(Pipeline.kt:77)
	at io.ktor.server.routing.Routing$executeResult$$inlined$execute$1.invokeSuspend(Pipeline.kt:478)
	at io.ktor.server.routing.Routing$executeResult$$inlined$execute$1.invoke(Pipeline.kt)
	at io.ktor.server.routing.Routing$executeResult$$inlined$execute$1.invoke(Pipeline.kt)
	at io.ktor.util.debug.ContextUtilsKt.initContextInDebugMode(ContextUtils.kt:17)
	at io.ktor.server.routing.Routing.executeResult(Routing.kt:190)
	at io.ktor.server.routing.Routing.interceptor(Routing.kt:64)
	at io.ktor.server.routing.Routing$Plugin$install$1.invokeSuspend(Routing.kt:140)
	at io.ktor.server.routing.Routing$Plugin$install$1.invoke(Routing.kt)
	at io.ktor.server.routing.Routing$Plugin$install$1.invoke(Routing.kt)
	at io.ktor.util.pipeline.DebugPipelineContext.proceedLoop(DebugPipelineContext.kt:80)
	at io.ktor.util.pipeline.DebugPipelineContext.proceed(DebugPipelineContext.kt:57)
	at io.ktor.server.engine.BaseApplicationEngineKt$installDefaultTransformationChecker$1.invokeSuspend(BaseApplicationEngine.kt:124)
	at io.ktor.server.engine.BaseApplicationEngineKt$installDefaultTransformationChecker$1.invoke(BaseApplicationEngine.kt)
	at io.ktor.server.engine.BaseApplicationEngineKt$installDefaultTransformationChecker$1.invoke(BaseApplicationEngine.kt)
	at io.ktor.util.pipeline.DebugPipelineContext.proceedLoop(DebugPipelineContext.kt:80)
	at io.ktor.util.pipeline.DebugPipelineContext.proceed(DebugPipelineContext.kt:57)
	at io.ktor.server.application.hooks.CallFailed$install$1$1.invokeSuspend(CommonHooks.kt:45)
	at io.ktor.server.application.hooks.CallFailed$install$1$1.invoke(CommonHooks.kt)
	at io.ktor.server.application.hooks.CallFailed$install$1$1.invoke(CommonHooks.kt)
	at kotlinx.coroutines.intrinsics.UndispatchedKt.startUndispatchedOrReturn(Undispatched.kt:78)
	at kotlinx.coroutines.CoroutineScopeKt.coroutineScope(CoroutineScope.kt:264)
	at io.ktor.server.application.hooks.CallFailed$install$1.invokeSuspend(CommonHooks.kt:44)
	at io.ktor.server.application.hooks.CallFailed$install$1.invoke(CommonHooks.kt)
	at io.ktor.server.application.hooks.CallFailed$install$1.invoke(CommonHooks.kt)
	at io.ktor.util.pipeline.DebugPipelineContext.proceedLoop(DebugPipelineContext.kt:80)
	at io.ktor.util.pipeline.DebugPipelineContext.proceed(DebugPipelineContext.kt:57)
	at io.ktor.util.pipeline.DebugPipelineContext.execute$ktor_utils(DebugPipelineContext.kt:63)
	at io.ktor.util.pipeline.Pipeline.execute(Pipeline.kt:77)
	at io.ktor.server.engine.DefaultEnginePipelineKt$defaultEnginePipeline$1$invokeSuspend$$inlined$execute$1.invokeSuspend(Pipeline.kt:478)
	at io.ktor.server.engine.DefaultEnginePipelineKt$defaultEnginePipeline$1$invokeSuspend$$inlined$execute$1.invoke(Pipeline.kt)
	at io.ktor.server.engine.DefaultEnginePipelineKt$defaultEnginePipeline$1$invokeSuspend$$inlined$execute$1.invoke(Pipeline.kt)
	at io.ktor.util.debug.ContextUtilsKt.initContextInDebugMode(ContextUtils.kt:17)
	at io.ktor.server.engine.DefaultEnginePipelineKt$defaultEnginePipeline$1.invokeSuspend(DefaultEnginePipeline.kt:123)
	at io.ktor.server.engine.DefaultEnginePipelineKt$defaultEnginePipeline$1.invoke(DefaultEnginePipeline.kt)
	at io.ktor.server.engine.DefaultEnginePipelineKt$defaultEnginePipeline$1.invoke(DefaultEnginePipeline.kt)
	at io.ktor.util.pipeline.DebugPipelineContext.proceedLoop(DebugPipelineContext.kt:80)
	at io.ktor.util.pipeline.DebugPipelineContext.proceed(DebugPipelineContext.kt:57)
	at io.ktor.util.pipeline.DebugPipelineContext.execute$ktor_utils(DebugPipelineContext.kt:63)
	at io.ktor.util.pipeline.Pipeline.execute(Pipeline.kt:77)
	at io.ktor.server.netty.NettyApplicationCallHandler$handleRequest$1$invokeSuspend$$inlined$execute$1.invokeSuspend(Pipeline.kt:478)
	at io.ktor.server.netty.NettyApplicationCallHandler$handleRequest$1$invokeSuspend$$inlined$execute$1.invoke(Pipeline.kt)
	at io.ktor.server.netty.NettyApplicationCallHandler$handleRequest$1$invokeSuspend$$inlined$execute$1.invoke(Pipeline.kt)
	at io.ktor.util.debug.ContextUtilsKt.initContextInDebugMode(ContextUtils.kt:17)
	at io.ktor.server.netty.NettyApplicationCallHandler$handleRequest$1.invokeSuspend(NettyApplicationCallHandler.kt:119)
	at io.ktor.server.netty.NettyApplicationCallHandler$handleRequest$1.invoke(NettyApplicationCallHandler.kt)
	at io.ktor.server.netty.NettyApplicationCallHandler$handleRequest$1.invoke(NettyApplicationCallHandler.kt)
	at kotlinx.coroutines.intrinsics.UndispatchedKt.startCoroutineUndispatched(Undispatched.kt:44)
	at kotlinx.coroutines.CoroutineStart.invoke(CoroutineStart.kt:112)
	at kotlinx.coroutines.AbstractCoroutine.start(AbstractCoroutine.kt:126)
	at kotlinx.coroutines.BuildersKt__Builders_commonKt.launch(Builders.common.kt:56)
	at kotlinx.coroutines.BuildersKt.launch(Unknown Source)
	at io.ktor.server.netty.NettyApplicationCallHandler.handleRequest(NettyApplicationCallHandler.kt:37)
	at io.ktor.server.netty.NettyApplicationCallHandler.channelRead(NettyApplicationCallHandler.kt:29)
	at io.netty.channel.AbstractChannelHandlerContext.invokeChannelRead(AbstractChannelHandlerContext.java:444)
	at io.netty.channel.AbstractChannelHandlerContext.access$600(AbstractChannelHandlerContext.java:61)
	at io.netty.channel.AbstractChannelHandlerContext$7.run(AbstractChannelHandlerContext.java:425)
	at io.netty.util.concurrent.AbstractEventExecutor.runTask(AbstractEventExecutor.java:173)
	at io.netty.util.concurrent.AbstractEventExecutor.safeExecute(AbstractEventExecutor.java:166)
	at io.netty.util.concurrent.SingleThreadEventExecutor.runAllTasks(SingleThreadEventExecutor.java:470)
	at io.netty.channel.nio.NioEventLoop.run(NioEventLoop.java:569)
	at io.netty.util.concurrent.SingleThreadEventExecutor$4.run(SingleThreadEventExecutor.java:997)
	at io.netty.util.internal.ThreadExecutorMap$2.run(ThreadExecutorMap.java:74)
	at io.ktor.server.netty.EventLoopGroupProxy$Companion.create$lambda$1$lambda$0(NettyApplicationEngine.kt:296)
	at io.netty.util.concurrent.FastThreadLocalRunnable.run(FastThreadLocalRunnable.java:30)
	at java.base/java.lang.Thread.run(Thread.java:1583)
Caused by: org.postgresql.util.PSQLException: Cannot change transaction isolation level in the middle of a transaction.
	at org.postgresql.jdbc.PgConnection.setTransactionIsolation(PgConnection.java:1056)
	at com.zaxxer.hikari.pool.ProxyConnection.setTransactionIsolation(ProxyConnection.java:421)
	at com.zaxxer.hikari.pool.HikariProxyConnection.setTransactionIsolation(HikariProxyConnection.java)
	at org.jetbrains.exposed.sql.statements.jdbc.JdbcConnectionImpl.setTransactionIsolation(JdbcConnectionImpl.kt:63)
	at org.jetbrains.exposed.sql.transactions.ThreadLocalTransactionManager$ThreadLocalTransaction$connectionLazy$1.invoke(ThreadLocalTransactionManager.kt:107)
	at org.jetbrains.exposed.sql.transactions.ThreadLocalTransactionManager$ThreadLocalTransaction$connectionLazy$1.invoke(ThreadLocalTransactionManager.kt:100)
	at kotlin.UnsafeLazyImpl.getValue(Lazy.kt:81)
	at org.jetbrains.exposed.sql.transactions.ThreadLocalTransactionManager$ThreadLocalTransaction.getConnection(ThreadLocalTransactionManager.kt:114)
	at org.jetbrains.exposed.sql.Transaction.getConnection(Transaction.kt)
	at org.jetbrains.exposed.sql.statements.Statement.prepared(Statement.kt:46)
	at org.jetbrains.exposed.sql.statements.Statement.executeIn$exposed_core(Statement.kt:74)
	... 91 common frames omitted
2026-02-28 17:43:21.944 [eventLoopGroupProxy-4-1] WARN  Exposed - Wait 0 milliseconds before retrying
2026-02-28 17:43:21.954 [eventLoopGroupProxy-4-1] WARN  Exposed - Transaction attempt #1 failed: org.postgresql.util.PSQLException: Cannot change transaction isolation level in the middle of a transaction.. Statement(s): SELECT symptoms_requests.request_id, symptoms_requests.user_id, symptoms_requests.symptoms_text, symptoms_requests.has_response, symptoms_requests.created_at FROM symptoms_requests WHERE symptoms_requests.user_id = ? ORDER BY symptoms_requests.created_at DESC
org.jetbrains.exposed.exceptions.ExposedSQLException: org.postgresql.util.PSQLException: Cannot change transaction isolation level in the middle of a transaction.
	at org.jetbrains.exposed.sql.statements.Statement.executeIn$exposed_core(Statement.kt:78)
	at org.jetbrains.exposed.sql.Transaction.exec(Transaction.kt:209)
	at org.jetbrains.exposed.sql.Transaction.exec(Transaction.kt:186)
	at org.jetbrains.exposed.sql.AbstractQuery.iterator(AbstractQuery.kt:61)
	at com.eva.data.repository.SymptomsRepositoryImpl$findByUser$1.invoke(Repositories.kt:396)
	at com.eva.data.repository.SymptomsRepositoryImpl$findByUser$1.invoke(Repositories.kt:178)
	at org.jetbrains.exposed.sql.transactions.ThreadLocalTransactionManagerKt.inTopLevelTransaction$run(ThreadLocalTransactionManager.kt:275)
	at org.jetbrains.exposed.sql.transactions.ThreadLocalTransactionManagerKt.access$inTopLevelTransaction$run(ThreadLocalTransactionManager.kt:1)
	at org.jetbrains.exposed.sql.transactions.ThreadLocalTransactionManagerKt$inTopLevelTransaction$1.invoke(ThreadLocalTransactionManager.kt:322)
	at org.jetbrains.exposed.sql.transactions.ThreadLocalTransactionManagerKt.keepAndRestoreTransactionRefAfterRun(ThreadLocalTransactionManager.kt:330)
	at org.jetbrains.exposed.sql.transactions.ThreadLocalTransactionManagerKt.inTopLevelTransaction(ThreadLocalTransactionManager.kt:321)
	at org.jetbrains.exposed.sql.transactions.ThreadLocalTransactionManagerKt$transaction$1.invoke(ThreadLocalTransactionManager.kt:230)
	at org.jetbrains.exposed.sql.transactions.ThreadLocalTransactionManagerKt.keepAndRestoreTransactionRefAfterRun(ThreadLocalTransactionManager.kt:330)
	at org.jetbrains.exposed.sql.transactions.ThreadLocalTransactionManagerKt.transaction(ThreadLocalTransactionManager.kt:200)
	at org.jetbrains.exposed.sql.transactions.ThreadLocalTransactionManagerKt.transaction(ThreadLocalTransactionManager.kt:178)
	at org.jetbrains.exposed.sql.transactions.ThreadLocalTransactionManagerKt.transaction$default(ThreadLocalTransactionManager.kt:177)
	at com.eva.data.repository.SymptomsRepositoryImpl.findByUser(Repositories.kt:178)
	at com.eva.api.routes.RoutesKt$symptomsRoutes$1$1$2.invokeSuspend(Routes.kt:348)
	at com.eva.api.routes.RoutesKt$symptomsRoutes$1$1$2.invoke(Routes.kt)
	at com.eva.api.routes.RoutesKt$symptomsRoutes$1$1$2.invoke(Routes.kt)
	at io.ktor.server.routing.Route$buildPipeline$1$1.invokeSuspend(Route.kt:116)
	at io.ktor.server.routing.Route$buildPipeline$1$1.invoke(Route.kt)
	at io.ktor.server.routing.Route$buildPipeline$1$1.invoke(Route.kt)
	at io.ktor.util.pipeline.DebugPipelineContext.proceedLoop(DebugPipelineContext.kt:80)
	at io.ktor.util.pipeline.DebugPipelineContext.proceed(DebugPipelineContext.kt:57)
	at io.ktor.util.pipeline.DebugPipelineContext.execute$ktor_utils(DebugPipelineContext.kt:63)
	at io.ktor.util.pipeline.Pipeline.execute(Pipeline.kt:77)
	at io.ktor.server.routing.Routing$executeResult$$inlined$execute$1.invokeSuspend(Pipeline.kt:478)
	at io.ktor.server.routing.Routing$executeResult$$inlined$execute$1.invoke(Pipeline.kt)
	at io.ktor.server.routing.Routing$executeResult$$inlined$execute$1.invoke(Pipeline.kt)
	at io.ktor.util.debug.ContextUtilsKt.initContextInDebugMode(ContextUtils.kt:17)
	at io.ktor.server.routing.Routing.executeResult(Routing.kt:190)
	at io.ktor.server.routing.Routing.interceptor(Routing.kt:64)
	at io.ktor.server.routing.Routing$Plugin$install$1.invokeSuspend(Routing.kt:140)
	at io.ktor.server.routing.Routing$Plugin$install$1.invoke(Routing.kt)
	at io.ktor.server.routing.Routing$Plugin$install$1.invoke(Routing.kt)
	at io.ktor.util.pipeline.DebugPipelineContext.proceedLoop(DebugPipelineContext.kt:80)
	at io.ktor.util.pipeline.DebugPipelineContext.proceed(DebugPipelineContext.kt:57)
	at io.ktor.server.engine.BaseApplicationEngineKt$installDefaultTransformationChecker$1.invokeSuspend(BaseApplicationEngine.kt:124)
	at io.ktor.server.engine.BaseApplicationEngineKt$installDefaultTransformationChecker$1.invoke(BaseApplicationEngine.kt)
	at io.ktor.server.engine.BaseApplicationEngineKt$installDefaultTransformationChecker$1.invoke(BaseApplicationEngine.kt)
	at io.ktor.util.pipeline.DebugPipelineContext.proceedLoop(DebugPipelineContext.kt:80)
	at io.ktor.util.pipeline.DebugPipelineContext.proceed(DebugPipelineContext.kt:57)
	at io.ktor.server.application.hooks.CallFailed$install$1$1.invokeSuspend(CommonHooks.kt:45)
	at io.ktor.server.application.hooks.CallFailed$install$1$1.invoke(CommonHooks.kt)
	at io.ktor.server.application.hooks.CallFailed$install$1$1.invoke(CommonHooks.kt)
	at kotlinx.coroutines.intrinsics.UndispatchedKt.startUndispatchedOrReturn(Undispatched.kt:78)
	at kotlinx.coroutines.CoroutineScopeKt.coroutineScope(CoroutineScope.kt:264)
	at io.ktor.server.application.hooks.CallFailed$install$1.invokeSuspend(CommonHooks.kt:44)
	at io.ktor.server.application.hooks.CallFailed$install$1.invoke(CommonHooks.kt)
	at io.ktor.server.application.hooks.CallFailed$install$1.invoke(CommonHooks.kt)
	at io.ktor.util.pipeline.DebugPipelineContext.proceedLoop(DebugPipelineContext.kt:80)
	at io.ktor.util.pipeline.DebugPipelineContext.proceed(DebugPipelineContext.kt:57)
	at io.ktor.util.pipeline.DebugPipelineContext.execute$ktor_utils(DebugPipelineContext.kt:63)
	at io.ktor.util.pipeline.Pipeline.execute(Pipeline.kt:77)
	at io.ktor.server.engine.DefaultEnginePipelineKt$defaultEnginePipeline$1$invokeSuspend$$inlined$execute$1.invokeSuspend(Pipeline.kt:478)
	at io.ktor.server.engine.DefaultEnginePipelineKt$defaultEnginePipeline$1$invokeSuspend$$inlined$execute$1.invoke(Pipeline.kt)
	at io.ktor.server.engine.DefaultEnginePipelineKt$defaultEnginePipeline$1$invokeSuspend$$inlined$execute$1.invoke(Pipeline.kt)
	at io.ktor.util.debug.ContextUtilsKt.initContextInDebugMode(ContextUtils.kt:17)
	at io.ktor.server.engine.DefaultEnginePipelineKt$defaultEnginePipeline$1.invokeSuspend(DefaultEnginePipeline.kt:123)
	at io.ktor.server.engine.DefaultEnginePipelineKt$defaultEnginePipeline$1.invoke(DefaultEnginePipeline.kt)
	at io.ktor.server.engine.DefaultEnginePipelineKt$defaultEnginePipeline$1.invoke(DefaultEnginePipeline.kt)
	at io.ktor.util.pipeline.DebugPipelineContext.proceedLoop(DebugPipelineContext.kt:80)
	at io.ktor.util.pipeline.DebugPipelineContext.proceed(DebugPipelineContext.kt:57)
	at io.ktor.util.pipeline.DebugPipelineContext.execute$ktor_utils(DebugPipelineContext.kt:63)
	at io.ktor.util.pipeline.Pipeline.execute(Pipeline.kt:77)
	at io.ktor.server.netty.NettyApplicationCallHandler$handleRequest$1$invokeSuspend$$inlined$execute$1.invokeSuspend(Pipeline.kt:478)
	at io.ktor.server.netty.NettyApplicationCallHandler$handleRequest$1$invokeSuspend$$inlined$execute$1.invoke(Pipeline.kt)
	at io.ktor.server.netty.NettyApplicationCallHandler$handleRequest$1$invokeSuspend$$inlined$execute$1.invoke(Pipeline.kt)
	at io.ktor.util.debug.ContextUtilsKt.initContextInDebugMode(ContextUtils.kt:17)
	at io.ktor.server.netty.NettyApplicationCallHandler$handleRequest$1.invokeSuspend(NettyApplicationCallHandler.kt:119)
	at io.ktor.server.netty.NettyApplicationCallHandler$handleRequest$1.invoke(NettyApplicationCallHandler.kt)
	at io.ktor.server.netty.NettyApplicationCallHandler$handleRequest$1.invoke(NettyApplicationCallHandler.kt)
	at kotlinx.coroutines.intrinsics.UndispatchedKt.startCoroutineUndispatched(Undispatched.kt:44)
	at kotlinx.coroutines.CoroutineStart.invoke(CoroutineStart.kt:112)
	at kotlinx.coroutines.AbstractCoroutine.start(AbstractCoroutine.kt:126)
	at kotlinx.coroutines.BuildersKt__Builders_commonKt.launch(Builders.common.kt:56)
	at kotlinx.coroutines.BuildersKt.launch(Unknown Source)
	at io.ktor.server.netty.NettyApplicationCallHandler.handleRequest(NettyApplicationCallHandler.kt:37)
	at io.ktor.server.netty.NettyApplicationCallHandler.channelRead(NettyApplicationCallHandler.kt:29)
	at io.netty.channel.AbstractChannelHandlerContext.invokeChannelRead(AbstractChannelHandlerContext.java:444)
	at io.netty.channel.AbstractChannelHandlerContext.access$600(AbstractChannelHandlerContext.java:61)
	at io.netty.channel.AbstractChannelHandlerContext$7.run(AbstractChannelHandlerContext.java:425)
	at io.netty.util.concurrent.AbstractEventExecutor.runTask(AbstractEventExecutor.java:173)
	at io.netty.util.concurrent.AbstractEventExecutor.safeExecute(AbstractEventExecutor.java:166)
	at io.netty.util.concurrent.SingleThreadEventExecutor.runAllTasks(SingleThreadEventExecutor.java:470)
	at io.netty.channel.nio.NioEventLoop.run(NioEventLoop.java:569)
	at io.netty.util.concurrent.SingleThreadEventExecutor$4.run(SingleThreadEventExecutor.java:997)
	at io.netty.util.internal.ThreadExecutorMap$2.run(ThreadExecutorMap.java:74)
	at io.ktor.server.netty.EventLoopGroupProxy$Companion.create$lambda$1$lambda$0(NettyApplicationEngine.kt:296)
	at io.netty.util.concurrent.FastThreadLocalRunnable.run(FastThreadLocalRunnable.java:30)
	at java.base/java.lang.Thread.run(Thread.java:1583)
Caused by: org.postgresql.util.PSQLException: Cannot change transaction isolation level in the middle of a transaction.
	at org.postgresql.jdbc.PgConnection.setTransactionIsolation(PgConnection.java:1056)
	at com.zaxxer.hikari.pool.ProxyConnection.setTransactionIsolation(ProxyConnection.java:421)
	at com.zaxxer.hikari.pool.HikariProxyConnection.setTransactionIsolation(HikariProxyConnection.java)
	at org.jetbrains.exposed.sql.statements.jdbc.JdbcConnectionImpl.setTransactionIsolation(JdbcConnectionImpl.kt:63)
	at org.jetbrains.exposed.sql.transactions.ThreadLocalTransactionManager$ThreadLocalTransaction$connectionLazy$1.invoke(ThreadLocalTransactionManager.kt:107)
	at org.jetbrains.exposed.sql.transactions.ThreadLocalTransactionManager$ThreadLocalTransaction$connectionLazy$1.invoke(ThreadLocalTransactionManager.kt:100)
	at kotlin.UnsafeLazyImpl.getValue(Lazy.kt:81)
	at org.jetbrains.exposed.sql.transactions.ThreadLocalTransactionManager$ThreadLocalTransaction.getConnection(ThreadLocalTransactionManager.kt:114)
	at org.jetbrains.exposed.sql.Transaction.getConnection(Transaction.kt)
	at org.jetbrains.exposed.sql.statements.Statement.prepared(Statement.kt:46)
	at org.jetbrains.exposed.sql.statements.Statement.executeIn$exposed_core(Statement.kt:74)
	... 91 common frames omitted
2026-02-28 17:43:21.976 [eventLoopGroupProxy-4-1] WARN  Exposed - Wait 0 milliseconds before retrying
2026-02-28 17:43:22.238 [eventLoopGroupProxy-4-1] INFO  Application - GET /api/v1/symptoms/history → 200 OK
2026-02-28 17:43:22.238 [eventLoopGroupProxy-4-2] INFO  Application - GET /api/v1/doctors/1 → 200 OK
2026-02-28 17:43:22.532 [eventLoopGroupProxy-4-1] INFO  Application - GET /api/v1/doctors/2 → 200 OK
2026-02-28 17:43:22.958 [eventLoopGroupProxy-4-1] INFO  Application - GET /api/v1/doctors/5 → 200 OK
2026-02-28 17:43:26.742 [eventLoopGroupProxy-4-1] INFO  Application - GET /api/v1/doctors/1 → 200 OK
2026-02-28 17:43:26.935 [eventLoopGroupProxy-4-1] INFO  Application - GET /api/v1/doctors/1/reviews → 200 OK
2026-02-28 17:43:27.195 [eventLoopGroupProxy-4-1] INFO  Application - GET /api/v1/doctors/1/can-review → 200 OK
2026-02-28 17:43:51.147 [eventLoopGroupProxy-4-1] INFO  Application - PATCH /api/v1/doctors/reviews/feb7c684-ab44-49df-b0aa-6bdee667856d → 200 OK
2026-02-28 17:43:51.180 [eventLoopGroupProxy-4-1] INFO  Application - GET /api/v1/doctors/1/reviews → 200 OK
2026-02-28 17:44:00.900 [eventLoopGroupProxy-4-1] INFO  Application - GET /api/v1/appointments → 200 OK
2026-02-28 17:44:06.055 [eventLoopGroupProxy-4-1] INFO  Application - POST /api/v1/doctors/1/reviews → 409 Conflict
2026-02-28 17:44:08.303 [eventLoopGroupProxy-4-1] INFO  Application - GET /api/v1/doctors/1 → 200 OK
2026-02-28 17:44:08.547 [eventLoopGroupProxy-4-1] INFO  Application - GET /api/v1/doctors/2 → 200 OK
2026-02-28 17:44:08.613 [eventLoopGroupProxy-4-1] INFO  Application - GET /api/v1/doctors/5 → 200 OK
2026-02-28 17:44:15.241 [eventLoopGroupProxy-4-1] INFO  Application - GET /api/v1/doctors/1 → 200 OK
2026-02-28 17:44:15.314 [eventLoopGroupProxy-4-1] INFO  Application - GET /api/v1/doctors/2 → 200 OK
2026-02-28 17:44:15.342 [eventLoopGroupProxy-4-1] INFO  Application - GET /api/v1/doctors/5 → 200 OK
2026-02-28 17:44:18.978 [eventLoopGroupProxy-4-1] INFO  Application - GET /api/v1/doctors/1 → 200 OK
2026-02-28 17:44:19.004 [eventLoopGroupProxy-4-1] INFO  Application - GET /api/v1/doctors/1/reviews → 200 OK
2026-02-28 17:44:19.041 [eventLoopGroupProxy-4-1] INFO  Application - GET /api/v1/doctors/1/can-review → 200 OK
2026-02-28 17:44:27.835 [eventLoopGroupProxy-4-1] INFO  Application - DELETE /api/v1/doctors/reviews/feb7c684-ab44-49df-b0aa-6bdee667856d → 200 OK
2026-02-28 17:44:27.857 [eventLoopGroupProxy-4-1] INFO  Application - GET /api/v1/doctors/1/reviews → 200 OK
2026-02-28 17:44:38.870 [eventLoopGroupProxy-4-1] INFO  Application - GET /api/v1/doctors → 200 OK
2026-02-28 17:44:39.828 [eventLoopGroupProxy-4-1] INFO  Application - GET /api/v1/doctors/5 → 200 OK
2026-02-28 17:44:39.856 [eventLoopGroupProxy-4-1] INFO  Application - GET /api/v1/doctors/5/reviews → 200 OK
2026-02-28 17:44:39.874 [eventLoopGroupProxy-4-1] INFO  Application - GET /api/v1/doctors/5/can-review → 200 OK
2026-02-28 17:44:45.997 [eventLoopGroupProxy-4-1] INFO  Application - GET /api/v1/doctors → 200 OK
2026-02-28 17:44:47.934 [eventLoopGroupProxy-4-1] INFO  Application - GET /api/v1/doctors/5 → 200 OK
2026-02-28 17:44:47.961 [eventLoopGroupProxy-4-1] INFO  Application - GET /api/v1/doctors/5/reviews → 200 OK
2026-02-28 17:44:47.982 [eventLoopGroupProxy-4-1] INFO  Application - GET /api/v1/doctors/5/can-review → 200 OK
2026-02-28 17:44:50.366 [eventLoopGroupProxy-4-1] INFO  Application - GET /api/v1/doctors → 200 OK
2026-02-28 17:44:51.038 [eventLoopGroupProxy-4-1] INFO  Application - GET /api/v1/doctors/2 → 200 OK
2026-02-28 17:44:51.064 [eventLoopGroupProxy-4-1] INFO  Application - GET /api/v1/doctors/2/reviews → 200 OK
2026-02-28 17:44:51.086 [eventLoopGroupProxy-4-1] INFO  Application - GET /api/v1/doctors/2/can-review → 200 OK
2026-02-28 17:44:54.802 [eventLoopGroupProxy-4-1] INFO  Application - GET /api/v1/doctors → 200 OK
2026-02-28 17:45:23.899 [eventLoopGroupProxy-4-3] INFO  Application - GET /api/v1/symptoms/history → 200 OK
2026-02-28 17:45:24.335 [eventLoopGroupProxy-4-3] INFO  Application - GET /api/v1/doctors/1 → 200 OK
2026-02-28 17:45:25.689 [eventLoopGroupProxy-4-3] INFO  Application - GET /api/v1/doctors/2 → 200 OK
2026-02-28 17:45:26.037 [eventLoopGroupProxy-4-3] INFO  Application - GET /api/v1/doctors/5 → 200 OK
2026-02-28 17:45:27.818 [eventLoopGroupProxy-4-3] INFO  Application - GET /api/v1/doctors/1 → 200 OK
2026-02-28 17:45:27.945 [eventLoopGroupProxy-4-3] INFO  Application - GET /api/v1/doctors/1/reviews → 200 OK
2026-02-28 17:45:28.093 [eventLoopGroupProxy-4-3] INFO  Application - GET /api/v1/doctors/1/can-review → 200 OK
2026-02-28 17:45:32.847 [eventLoopGroupProxy-4-3] INFO  Application - GET /api/v1/appointments → 200 OK
2026-02-28 17:45:38.526 [eventLoopGroupProxy-4-3] INFO  Application - POST /api/v1/doctors/1/reviews → 201 Created
2026-02-28 17:45:40.494 [eventLoopGroupProxy-4-3] INFO  Application - GET /api/v1/doctors/1 → 200 OK
2026-02-28 17:45:40.598 [eventLoopGroupProxy-4-3] INFO  Application - GET /api/v1/doctors/2 → 200 OK
2026-02-28 17:45:40.624 [eventLoopGroupProxy-4-3] INFO  Application - GET /api/v1/doctors/5 → 200 OK
2026-02-28 17:45:49.719 [eventLoopGroupProxy-4-3] INFO  Application - GET /api/v1/doctors/1 → 200 OK
2026-02-28 17:45:49.744 [eventLoopGroupProxy-4-3] INFO  Application - GET /api/v1/doctors/1/reviews → 200 OK
2026-02-28 17:45:49.784 [eventLoopGroupProxy-4-3] INFO  Application - GET /api/v1/doctors/1/can-review → 200 OK
2026-02-28 17:46:22.577 [eventLoopGroupProxy-4-3] INFO  Application - DELETE /api/v1/doctors/reviews/b4b36a54-9a21-426c-be59-9273326b0e04 → 200 OK
2026-02-28 17:46:22.600 [eventLoopGroupProxy-4-3] INFO  Application - GET /api/v1/doctors/1/reviews → 200 OK
2026-02-28 17:46:27.334 [eventLoopGroupProxy-4-3] INFO  Application - GET /api/v1/doctors/2 → 200 OK
2026-02-28 17:46:27.393 [eventLoopGroupProxy-4-3] INFO  Application - GET /api/v1/doctors/2/reviews → 200 OK
2026-02-28 17:46:27.657 [eventLoopGroupProxy-4-3] INFO  Application - GET /api/v1/doctors/2/can-review → 200 OK
2026-02-28 17:46:52.000 [eventLoopGroupProxy-4-3] INFO  Application - GET /api/v1/doctors/1 → 200 OK
2026-02-28 17:46:52.126 [eventLoopGroupProxy-4-3] INFO  Application - GET /api/v1/doctors/2 → 200 OK
2026-02-28 17:46:52.196 [eventLoopGroupProxy-4-3] INFO  Application - GET /api/v1/doctors/5 → 200 OK
2026-02-28 17:46:53.348 [eventLoopGroupProxy-4-3] INFO  Application - GET /api/v1/doctors/5 → 200 OK
2026-02-28 17:46:53.375 [eventLoopGroupProxy-4-3] INFO  Application - GET /api/v1/doctors/5/reviews → 200 OK
2026-02-28 17:46:53.413 [eventLoopGroupProxy-4-3] INFO  Application - GET /api/v1/doctors/5/can-review → 200 OK
2026-02-28 17:47:01.772 [eventLoopGroupProxy-4-3] INFO  Application - GET /api/v1/notifications → 200 OK
2026-02-28 17:47:12.766 [eventLoopGroupProxy-4-3] INFO  Application - GET /api/v1/doctors/1 → 200 OK
2026-02-28 17:47:12.787 [eventLoopGroupProxy-4-3] INFO  Application - GET /api/v1/doctors/1/reviews → 200 OK
2026-02-28 17:47:12.813 [eventLoopGroupProxy-4-3] INFO  Application - GET /api/v1/doctors/1/can-review → 200 OK
2026-02-28 17:49:11.863 [eventLoopGroupProxy-4-3] INFO  Application - POST /api/v1/doctors/1/reviews → 201 Created
2026-02-28 17:49:11.881 [eventLoopGroupProxy-4-3] INFO  Application - GET /api/v1/doctors/1/reviews → 200 OK
2026-02-28 17:49:30.030 [eventLoopGroupProxy-4-4] INFO  Application - GET /api/v1/symptoms/history → 200 OK
2026-02-28 17:49:30.358 [eventLoopGroupProxy-4-4] INFO  Application - GET /api/v1/doctors/1 → 200 OK
2026-02-28 17:49:31.719 [eventLoopGroupProxy-4-4] INFO  Application - GET /api/v1/doctors/2 → 200 OK
2026-02-28 17:49:32.046 [eventLoopGroupProxy-4-4] INFO  Application - GET /api/v1/doctors/5 → 200 OK
2026-02-28 17:50:23.045 [eventLoopGroupProxy-4-4] INFO  Application - GET /api/v1/appointments → 200 OK
2026-02-28 17:50:35.248 [eventLoopGroupProxy-4-4] INFO  Application - GET /api/v1/doctors/1 → 200 OK
2026-02-28 17:50:35.380 [eventLoopGroupProxy-4-4] INFO  Application - GET /api/v1/doctors/2 → 200 OK
2026-02-28 17:50:35.421 [eventLoopGroupProxy-4-4] INFO  Application - GET /api/v1/doctors/5 → 200 OK
2026-02-28 17:50:37.186 [eventLoopGroupProxy-4-4] INFO  Application - GET /api/v1/doctors/1 → 200 OK
2026-02-28 17:50:37.231 [eventLoopGroupProxy-4-4] INFO  Application - GET /api/v1/doctors/1/reviews → 200 OK
2026-02-28 17:50:37.308 [eventLoopGroupProxy-4-4] INFO  Application - GET /api/v1/doctors/1/can-review → 200 OK
2026-02-28 18:02:18.698 [eventLoopGroupProxy-4-5] INFO  Application - GET /api/v1/symptoms/history → 200 OK
2026-02-28 18:02:18.851 [eventLoopGroupProxy-4-5] INFO  Application - GET /api/v1/doctors/1 → 200 OK
2026-02-28 18:02:20.221 [eventLoopGroupProxy-4-5] INFO  Application - GET /api/v1/doctors/2 → 200 OK
2026-02-28 18:02:20.568 [eventLoopGroupProxy-4-5] INFO  Application - GET /api/v1/doctors/5 → 200 OK
2026-02-28 18:02:23.060 [eventLoopGroupProxy-4-5] INFO  Application - GET /api/v1/appointments → 200 OK
2026-02-28 18:02:29.652 [eventLoopGroupProxy-4-5] INFO  Application - GET /api/v1/doctors/1 → 200 OK
2026-02-28 18:02:29.772 [eventLoopGroupProxy-4-5] INFO  Application - GET /api/v1/doctors/2 → 200 OK
2026-02-28 18:02:29.825 [eventLoopGroupProxy-4-5] INFO  Application - GET /api/v1/doctors/5 → 200 OK
2026-02-28 18:02:30.724 [eventLoopGroupProxy-4-5] INFO  Application - GET /api/v1/doctors/1 → 200 OK
2026-02-28 18:02:30.823 [eventLoopGroupProxy-4-5] INFO  Application - GET /api/v1/doctors/1/reviews → 200 OK
2026-02-28 18:02:30.927 [eventLoopGroupProxy-4-5] INFO  Application - GET /api/v1/doctors/1/can-review → 200 OK
2026-02-28 18:02:37.320 [eventLoopGroupProxy-4-5] INFO  Application - DELETE /api/v1/doctors/reviews/7e54440d-01b4-4829-9861-6fc1fb98f644 → 200 OK
2026-02-28 18:02:37.351 [eventLoopGroupProxy-4-5] INFO  Application - GET /api/v1/doctors/1/reviews → 200 OK
2026-02-28 18:02:40.528 [eventLoopGroupProxy-4-5] INFO  Application - POST /api/v1/doctors/1/reviews → 201 Created
2026-02-28 18:02:40.553 [eventLoopGroupProxy-4-5] INFO  Application - GET /api/v1/doctors/1/reviews → 200 OK
